<?xml version="1.0" encoding="UTF-8"?>
<robot generator="Robot 5.0.1 (Python 3.11.0 on win32)" generated="20221214 17:42:11.450" rpa="false" schemaversion="3">
<suite id="s1" name="robotProject" source="C:\Users\ljurkowski001\PycharmProjects\robotProject">
<suite id="s1-s1" name="Tests" source="C:\Users\ljurkowski001\PycharmProjects\robotProject\tests.robot">
<test id="s1-s1-t1" name="Google search" line="6">
<kw name="Open Google Webpage" library="Generics">
<kw name="Open Browser">
<arg>${URL}</arg>
<arg>${Browser}</arg>
<msg timestamp="20221214 17:42:11.502" level="FAIL">No keyword with name 'Open Browser' found.</msg>
<status status="FAIL" starttime="20221214 17:42:11.502" endtime="20221214 17:42:11.502"/>
</kw>
<status status="FAIL" starttime="20221214 17:42:11.501" endtime="20221214 17:42:11.502"/>
</kw>
<tag>google</tag>
<status status="FAIL" starttime="20221214 17:42:11.500" endtime="20221214 17:42:11.503">No keyword with name 'Open Browser' found.</status>
</test>
<doc>Suite description</doc>
<status status="FAIL" starttime="20221214 17:42:11.488" endtime="20221214 17:42:11.504"/>
</suite>
<status status="FAIL" starttime="20221214 17:42:11.454" endtime="20221214 17:42:11.506"/>
</suite>
<statistics>
<total>
<stat pass="0" fail="1" skip="0">All Tests</stat>
</total>
<tag>
<stat pass="0" fail="1" skip="0">google</stat>
</tag>
<suite>
<stat pass="0" fail="1" skip="0" id="s1" name="robotProject">robotProject</stat>
<stat pass="0" fail="1" skip="0" id="s1-s1" name="Tests">robotProject.Tests</stat>
</suite>
</statistics>
<errors>
</errors>
</robot>
